0 info it worked if it ends with ok
1 verbose cli [ '/Users/guoch/.nvm/versions/node/v6.16.0/bin/node',
1 verbose cli   '/Users/guoch/.nvm/versions/node/v6.16.0/bin/npm',
1 verbose cli   'run',
1 verbose cli   'build' ]
2 info using npm@3.10.10
3 info using node@v6.16.0
4 verbose run-script [ 'prebuild', 'build', 'postbuild' ]
5 info lifecycle wehotel@1.0.0~prebuild: wehotel@1.0.0
6 silly lifecycle wehotel@1.0.0~prebuild: no script for prebuild, continuing
7 info lifecycle wehotel@1.0.0~build: wehotel@1.0.0
8 verbose lifecycle wehotel@1.0.0~build: unsafe-perm in lifecycle true
9 verbose lifecycle wehotel@1.0.0~build: PATH: /Users/guoch/.nvm/versions/node/v6.16.0/lib/node_modules/npm/bin/node-gyp-bin:/Users/guoch/code/react-app/node_modules/.bin:/Library/Frameworks/Python.framework/Versions/3.5/bin:/usr/local/opt/mongodb@3.6/bin:/usr/local/opt/gdal2/bin:/usr/local/opt/libxml2/bin:/System/Library/Frameworks/Python.framework/Versions/2.7/bin:/Users/guoch/.nvm/versions/node/v6.16.0/bin:/usr/local/bin:/usr/bin:/bin:/usr/sbin:/sbin:/usr/local/go/bin:/Applications/Postgres.app/Contents/Versions/10/bin:/usr/local/mysql/bin
10 verbose lifecycle wehotel@1.0.0~build: CWD: /Users/guoch/code/react-app
11 silly lifecycle wehotel@1.0.0~build: Args: [ '-c', 'node build/build.js' ]
12 silly lifecycle wehotel@1.0.0~build: Returned: code: 1  signal: null
13 info lifecycle wehotel@1.0.0~build: Failed to exec build script
14 verbose stack Error: wehotel@1.0.0 build: `node build/build.js`
14 verbose stack Exit status 1
14 verbose stack     at EventEmitter.<anonymous> (/Users/guoch/.nvm/versions/node/v6.16.0/lib/node_modules/npm/lib/utils/lifecycle.js:255:16)
14 verbose stack     at emitTwo (events.js:106:13)
14 verbose stack     at EventEmitter.emit (events.js:191:7)
14 verbose stack     at ChildProcess.<anonymous> (/Users/guoch/.nvm/versions/node/v6.16.0/lib/node_modules/npm/lib/utils/spawn.js:40:14)
14 verbose stack     at emitTwo (events.js:106:13)
14 verbose stack     at ChildProcess.emit (events.js:191:7)
14 verbose stack     at maybeClose (internal/child_process.js:920:16)
14 verbose stack     at Process.ChildProcess._handle.onexit (internal/child_process.js:230:5)
15 verbose pkgid wehotel@1.0.0
16 verbose cwd /Users/guoch/code/react-app
17 error Darwin 18.6.0
18 error argv "/Users/guoch/.nvm/versions/node/v6.16.0/bin/node" "/Users/guoch/.nvm/versions/node/v6.16.0/bin/npm" "run" "build"
19 error node v6.16.0
20 error npm  v3.10.10
21 error code ELIFECYCLE
22 error wehotel@1.0.0 build: `node build/build.js`
22 error Exit status 1
23 error Failed at the wehotel@1.0.0 build script 'node build/build.js'.
23 error Make sure you have the latest version of node.js and npm installed.
23 error If you do, this is most likely a problem with the wehotel package,
23 error not with npm itself.
23 error Tell the author that this fails on your system:
23 error     node build/build.js
23 error You can get information on how to open an issue for this project with:
23 error     npm bugs wehotel
23 error Or if that isn't available, you can get their info via:
23 error     npm owner ls wehotel
23 error There is likely additional logging output above.
24 verbose exit [ 1, true ]
